Traceback (most recent call last):
  File "/home/runner/work/chemparseplot/chemparseplot/.venv/lib/python3.12/site-packages/jupyter_cache/executors/utils.py", line 58, in single_nb_execution
    executenb(
  File "/home/runner/work/chemparseplot/chemparseplot/.venv/lib/python3.12/site-packages/nbclient/client.py", line 1314, in execute
    return NotebookClient(nb=nb, resources=resources, km=km, **kwargs).execute()
           ^^^^^^^^^^^^^^^^^^^^^^^^^^^^^^^^^^^^^^^^^^^^^^^^^^^^^^^^^^^^^^^^^^^^^
  File "/home/runner/work/chemparseplot/chemparseplot/.venv/lib/python3.12/site-packages/jupyter_core/utils/__init__.py", line 173, in wrapped
    return loop.run_until_complete(inner)
           ^^^^^^^^^^^^^^^^^^^^^^^^^^^^^^
  File "/opt/hostedtoolcache/Python/3.12.0/x64/lib/python3.12/asyncio/base_events.py", line 664, in run_until_complete
    return future.result()
           ^^^^^^^^^^^^^^^
  File "/home/runner/work/chemparseplot/chemparseplot/.venv/lib/python3.12/site-packages/nbclient/client.py", line 709, in async_execute
    await self.async_execute_cell(
  File "/home/runner/work/chemparseplot/chemparseplot/.venv/lib/python3.12/site-packages/nbclient/client.py", line 1062, in async_execute_cell
    await self._check_raise_for_error(cell, cell_index, exec_reply)
  File "/home/runner/work/chemparseplot/chemparseplot/.venv/lib/python3.12/site-packages/nbclient/client.py", line 918, in _check_raise_for_error
    raise CellExecutionError.from_cell_and_msg(cell, exec_reply_content)
nbclient.exceptions.CellExecutionError: An error occurred while executing the following cell:
------------------
# Create an instance of TwoDimPlot
twodim_plot = TwoDimPlot()

# Set the units for the plot
twodim_plot.set_units('angstrom', 'hartree')

# Add data (EnergyPath instances) to the plot
energy_path1 = EnergyPath('Path 1', np.linspace(0, 10, 30) * ureg.angstrom, np.random.uniform(-1, 0, 30) * ureg.hartree)
energy_path2 = EnergyPath('Path 2', np.linspace(1, 9, 25) * ureg.angstrom, np.random.uniform(-0.5, 0.5, 25) * ureg.hartree)
twodim_plot.add_data(energy_path1)
twodim_plot.add_data(energy_path2)

# Display the plot
twodim_plot.show_plot("Energy Paths")
------------------


[0;31m---------------------------------------------------------------------------[0m
[0;31mNameError[0m                                 Traceback (most recent call last)
Cell [0;32mIn[6], line 2[0m
[1;32m      1[0m [38;5;66;03m# Create an instance of TwoDimPlot[39;00m
[0;32m----> 2[0m twodim_plot [38;5;241m=[39m [43mTwoDimPlot[49m()
[1;32m      4[0m [38;5;66;03m# Set the units for the plot[39;00m
[1;32m      5[0m twodim_plot[38;5;241m.[39mset_units([38;5;124m'[39m[38;5;124mangstrom[39m[38;5;124m'[39m, [38;5;124m'[39m[38;5;124mhartree[39m[38;5;124m'[39m)

[0;31mNameError[0m: name 'TwoDimPlot' is not defined

