Traceback (most recent call last):
  File "/home/runner/work/chemparseplot/chemparseplot/.venv/lib/python3.12/site-packages/jupyter_cache/executors/utils.py", line 58, in single_nb_execution
    executenb(
  File "/home/runner/work/chemparseplot/chemparseplot/.venv/lib/python3.12/site-packages/nbclient/client.py", line 1323, in execute
    return NotebookClient(nb=nb, resources=resources, km=km, **kwargs).execute()
           ^^^^^^^^^^^^^^^^^^^^^^^^^^^^^^^^^^^^^^^^^^^^^^^^^^^^^^^^^^^^^^^^^^^^^
  File "/home/runner/work/chemparseplot/chemparseplot/.venv/lib/python3.12/site-packages/jupyter_core/utils/__init__.py", line 165, in wrapped
    return loop.run_until_complete(inner)
           ^^^^^^^^^^^^^^^^^^^^^^^^^^^^^^
  File "/home/runner/.local/share/uv/python/cpython-3.12.13-linux-x86_64-gnu/lib/python3.12/asyncio/base_events.py", line 691, in run_until_complete
    return future.result()
           ^^^^^^^^^^^^^^^
  File "/home/runner/work/chemparseplot/chemparseplot/.venv/lib/python3.12/site-packages/nbclient/client.py", line 709, in async_execute
    await self.async_execute_cell(
  File "/home/runner/work/chemparseplot/chemparseplot/.venv/lib/python3.12/site-packages/nbclient/client.py", line 1062, in async_execute_cell
    await self._check_raise_for_error(cell, cell_index, exec_reply)
  File "/home/runner/work/chemparseplot/chemparseplot/.venv/lib/python3.12/site-packages/nbclient/client.py", line 918, in _check_raise_for_error
    raise CellExecutionError.from_cell_and_msg(cell, exec_reply_content)
nbclient.exceptions.CellExecutionError: An error occurred while executing the following cell:
------------------
from pathlib import Path
from chemparseplot.parse.eon.saddle_search import parse_eon_saddle
from rgpycrumbs.basetypes import SpinID
------------------


[31m---------------------------------------------------------------------------[39m
[31mModuleNotFoundError[39m                       Traceback (most recent call last)
[36mCell[39m[36m [39m[32mIn[1][39m[32m, line 2[39m
[32m      1[39m [38;5;28;01mfrom[39;00m[38;5;250m [39m[34;01mpathlib[39;00m[38;5;250m [39m[38;5;28;01mimport[39;00m Path
[32m----> [39m[32m2[39m [38;5;28;01mfrom[39;00m[38;5;250m [39m[34;01mchemparseplot[39;00m[34;01m.[39;00m[34;01mparse[39;00m[34;01m.[39;00m[34;01meon[39;00m[34;01m.[39;00m[34;01msaddle_search[39;00m[38;5;250m [39m[38;5;28;01mimport[39;00m parse_eon_saddle
[32m      3[39m [38;5;28;01mfrom[39;00m[38;5;250m [39m[34;01mrgpycrumbs[39;00m[34;01m.[39;00m[34;01mbasetypes[39;00m[38;5;250m [39m[38;5;28;01mimport[39;00m SpinID

[36mFile [39m[32m~/work/chemparseplot/chemparseplot/chemparseplot/parse/eon/saddle_search.py:10[39m
[32m      7[39m [38;5;28;01mfrom[39;00m[38;5;250m [39m[34;01mpathlib[39;00m[38;5;250m [39m[38;5;28;01mimport[39;00m Path
[32m      9[39m [38;5;28;01mimport[39;00m[38;5;250m [39m[34;01mnumpy[39;00m[38;5;250m [39m[38;5;28;01mas[39;00m[38;5;250m [39m[34;01mnp[39;00m
[32m---> [39m[32m10[39m [38;5;28;01mfrom[39;00m[38;5;250m [39m[34;01mrgpycrumbs[39;00m[34;01m.[39;00m[34;01mbasetypes[39;00m[38;5;250m [39m[38;5;28;01mimport[39;00m DimerOpt, MolGeom, SaddleMeasure, SpinID
[32m     11[39m [38;5;28;01mfrom[39;00m[38;5;250m [39m[34;01mrgpycrumbs[39;00m[34;01m.[39;00m[34;01mparsers[39;00m[34;01m.[39;00m[34;01mbless[39;00m[38;5;250m [39m[38;5;28;01mimport[39;00m BLESS_LOG
[32m     12[39m [38;5;28;01mfrom[39;00m[38;5;250m [39m[34;01mrgpycrumbs[39;00m[34;01m.[39;00m[34;01mparsers[39;00m[34;01m.[39;00m[34;01mcommon[39;00m[38;5;250m [39m[38;5;28;01mimport[39;00m _NUM

[31mModuleNotFoundError[39m: No module named 'rgpycrumbs'

